2022-10-27 11:06:53 [127.0.0.1][-][obetgcor94bk2pc85c9pe7amem][error][yii\base\InvalidConfigException] yii\base\InvalidConfigException: Either GD PHP extension with FreeType support or ImageMagick PHP extension with PNG support is required. in /var/www/html/perefshop/vendor/yiisoft/yii2/captcha/Captcha.php:175
Stack trace:
#0 /var/www/html/perefshop/vendor/yiisoft/yii2/captcha/Captcha.php(94): yii\captcha\Captcha::checkRequirements()
#1 /var/www/html/perefshop/vendor/yiisoft/yii2/base/BaseObject.php(109): yii\captcha\Captcha->init()
#2 [internal function]: yii\base\BaseObject->__construct()
#3 /var/www/html/perefshop/vendor/yiisoft/yii2/di/Container.php(419): ReflectionClass->newInstanceArgs()
#4 /var/www/html/perefshop/vendor/yiisoft/yii2/di/Container.php(170): yii\di\Container->build()
#5 /var/www/html/perefshop/vendor/yiisoft/yii2/BaseYii.php(365): yii\di\Container->get()
#6 /var/www/html/perefshop/vendor/yiisoft/yii2/base/Widget.php(143): yii\BaseYii::createObject()
#7 /var/www/html/perefshop/vendor/yiisoft/yii2/widgets/ActiveField.php(795): yii\base\Widget::widget()
#8 /var/www/html/perefshop/frontend/views/site/contact.php(34): yii\widgets\ActiveField->widget()
#9 /var/www/html/perefshop/vendor/yiisoft/yii2/base/View.php(347): require('...')
#10 /var/www/html/perefshop/vendor/yiisoft/yii2/base/View.php(257): yii\base\View->renderPhpFile()
#11 /var/www/html/perefshop/vendor/yiisoft/yii2/base/View.php(156): yii\base\View->renderFile()
#12 /var/www/html/perefshop/vendor/yiisoft/yii2/base/Controller.php(407): yii\base\View->render()
#13 /var/www/html/perefshop/frontend/controllers/SiteController.php(135): yii\base\Controller->render()
#14 [internal function]: frontend\controllers\SiteController->actionContact()
#15 /var/www/html/perefshop/vendor/yiisoft/yii2/base/InlineAction.php(57): call_user_func_array()
#16 /var/www/html/perefshop/vendor/yiisoft/yii2/base/Controller.php(178): yii\base\InlineAction->runWithParams()
#17 /var/www/html/perefshop/vendor/yiisoft/yii2/base/Module.php(552): yii\base\Controller->runAction()
#18 /var/www/html/perefshop/vendor/yiisoft/yii2/web/Application.php(103): yii\base\Module->runAction()
#19 /var/www/html/perefshop/vendor/yiisoft/yii2/base/Application.php(384): yii\web\Application->handleRequest()
#20 /var/www/html/perefshop/frontend/web/index.php(18): yii\base\Application->run()
#21 {main}
2022-10-27 11:06:53 [127.0.0.1][-][obetgcor94bk2pc85c9pe7amem][info][application] $_GET = [
    'r' => 'site/contact'
]

$_POST = []

$_FILES = []

$_COOKIE = [
    'advanced-frontend' => 'obetgcor94bk2pc85c9pe7amem'
    '_csrf-frontend' => '6a8e8aaa2303158cfc5c81b79fb87d138e7738727c509c94c14d90707762c780a:2:{i:0;s:14:\"_csrf-frontend\";i:1;s:32:\"yeQCQVxt6LrdHNNCrrCdxj6m1lMODSyE\";}'
]

$_SESSION = [
    '__flash' => []
]

$_SERVER = [
    'HTTP_HOST' => 'localhost'
    'HTTP_USER_AGENT' => 'Mozilla/5.0 (X11; Linux x86_64; rv:103.0) Gecko/20100101 Firefox/103.0'
    'HTTP_ACCEPT' => 'text/html,application/xhtml+xml,application/xml;q=0.9,image/avif,image/webp,*/*;q=0.8'
    'HTTP_ACCEPT_LANGUAGE' => 'ru-RU,ru;q=0.8,en-US;q=0.5,en;q=0.3'
    'HTTP_ACCEPT_ENCODING' => 'gzip, deflate, br'
    'HTTP_CONNECTION' => 'keep-alive'
    'HTTP_REFERER' => 'http://localhost/perefshop/frontend/web/index.php?r=site%2Fabout'
    'HTTP_COOKIE' => 'advanced-frontend=obetgcor94bk2pc85c9pe7amem; _csrf-frontend=6a8e8aaa2303158cfc5c81b79fb87d138e7738727c509c94c14d90707762c780a%3A2%3A%7Bi%3A0%3Bs%3A14%3A%22_csrf-frontend%22%3Bi%3A1%3Bs%3A32%3A%22yeQCQVxt6LrdHNNCrrCdxj6m1lMODSyE%22%3B%7D'
    'HTTP_UPGRADE_INSECURE_REQUESTS' => '1'
    'HTTP_SEC_FETCH_DEST' => 'document'
    'HTTP_SEC_FETCH_MODE' => 'navigate'
    'HTTP_SEC_FETCH_SITE' => 'same-origin'
    'HTTP_SEC_FETCH_USER' => '?1'
    'PATH' => '/usr/local/sbin:/usr/local/bin:/usr/sbin:/usr/bin:/sbin:/bin:/snap/bin'
    'SERVER_SIGNATURE' => '<address>Apache/2.4.52 (Ubuntu) Server at localhost Port 80</address>
'
    'SERVER_SOFTWARE' => 'Apache/2.4.52 (Ubuntu)'
    'SERVER_NAME' => 'localhost'
    'SERVER_ADDR' => '127.0.0.1'
    'SERVER_PORT' => '80'
    'REMOTE_ADDR' => '127.0.0.1'
    'DOCUMENT_ROOT' => '/var/www/html'
    'REQUEST_SCHEME' => 'http'
    'CONTEXT_PREFIX' => ''
    'CONTEXT_DOCUMENT_ROOT' => '/var/www/html'
    'SERVER_ADMIN' => 'webmaster@localhost'
    'SCRIPT_FILENAME' => '/var/www/html/perefshop/frontend/web/index.php'
    'REMOTE_PORT' => '39962'
    'GATEWAY_INTERFACE' => 'CGI/1.1'
    'SERVER_PROTOCOL' => 'HTTP/1.1'
    'REQUEST_METHOD' => 'GET'
    'QUERY_STRING' => 'r=site%2Fcontact'
    'REQUEST_URI' => '/perefshop/frontend/web/index.php?r=site%2Fcontact'
    'SCRIPT_NAME' => '/perefshop/frontend/web/index.php'
    'PHP_SELF' => '/perefshop/frontend/web/index.php'
    'REQUEST_TIME_FLOAT' => 1666868813.9027
    'REQUEST_TIME' => 1666868813
]
